<?xml version="1.0" encoding="utf-8"?><testsuites name="pytest tests"><testsuite name="pytest" errors="0" failures="1" skipped="0" tests="21" time="134.084" timestamp="2026-09-01T20:35:40.308436+00:00" hostname="agent-env-0e21de4e-6571-4675-b114-8fa69ad198fe"><testcase classname="tests.test_api" name="test_meta" time="0.197" /><testcase classname="tests.test_api" name="test_config_get_default" time="0.082" /><testcase classname="tests.test_api" name="test_config_put_valid" time="0.285" /><testcase classname="tests.test_api" name="test_config_validate_ok" time="0.078" /><testcase classname="tests.test_api" name="test_config_validate_bad_entry_after_exit" time="0.068" /><testcase classname="tests.test_api" name="test_config_put_bad_lots_rejected" time="0.072" /><testcase classname="tests.test_api" name="test_config_put_bad_timeframe" time="0.080" /><testcase classname="tests.test_api" name="test_basket_preview_atm_4legs" time="0.081" /><testcase classname="tests.test_api" name="test_basket_preview_otm" time="0.072" /><testcase classname="tests.test_api" name="test_basket_preview_delta" time="0.071" /><testcase classname="tests.test_api" name="test_basket_preview_premium" time="0.081" /><testcase classname="tests.test_api" name="test_basket_preview_hedge_disabled" time="0.076" /><testcase classname="tests.test_api" name="test_backtest_run" time="0.378"><failure message="AssertionError: missing wins&#10;assert False&#10; +  where False = any(&lt;generator object test_backtest_run.&lt;locals&gt;.&lt;genexpr&gt; at 0xfb8572dc33e0&gt;)">tests/test_api.py:175: in test_backtest_run
    assert any(k in obj for obj in (d, stats)), f"missing {k}"
E   AssertionError: missing wins
E   assert False
E    +  where False = any(&lt;generator object test_backtest_run.&lt;locals&gt;.&lt;genexpr&gt; at 0xfb8572dc33e0&gt;)</failure></testcase><testcase classname="tests.test_api" name="test_upstox_status" time="0.082" /><testcase classname="tests.test_api" name="test_upstox_login_not_configured" time="0.085" /><testcase classname="tests.test_api" name="test_upstox_funds_disconnected" time="0.088" /><testcase classname="tests.test_api" name="test_upstox_positions_disconnected" time="0.069" /><testcase classname="tests.test_api" name="test_live_session_gated" time="0.058" /><testcase classname="tests.test_api" name="test_paper_session_lifecycle" time="80.534" /><testcase classname="tests.test_api" name="test_paper_orders_close_before_open_on_roll" time="45.625" /><testcase classname="tests.test_api" name="test_session_emergency" time="5.333" /></testsuite></testsuites>