<?xml version="1.0" encoding="utf-8"?><testsuites name="pytest tests"><testsuite name="pytest" errors="0" failures="1" skipped="0" tests="21" time="157.011" timestamp="2026-09-01T21:03:26.901902+00:00" hostname="agent-env-0e21de4e-6571-4675-b114-8fa69ad198fe"><testcase classname="tests.test_api" name="test_meta" time="0.377" /><testcase classname="tests.test_api" name="test_config_get_default" time="0.088" /><testcase classname="tests.test_api" name="test_config_put_valid" time="0.271" /><testcase classname="tests.test_api" name="test_config_validate_ok" time="0.098" /><testcase classname="tests.test_api" name="test_config_validate_bad_entry_after_exit" time="0.091" /><testcase classname="tests.test_api" name="test_config_put_bad_lots_rejected" time="0.094" /><testcase classname="tests.test_api" name="test_config_put_bad_timeframe" time="0.088" /><testcase classname="tests.test_api" name="test_basket_preview_atm_4legs" time="0.108" /><testcase classname="tests.test_api" name="test_basket_preview_otm" time="0.094" /><testcase classname="tests.test_api" name="test_basket_preview_delta" time="0.094" /><testcase classname="tests.test_api" name="test_basket_preview_premium" time="0.088" /><testcase classname="tests.test_api" name="test_basket_preview_hedge_disabled" time="0.087" /><testcase classname="tests.test_api" name="test_backtest_run" time="0.486" /><testcase classname="tests.test_api" name="test_upstox_status" time="0.089" /><testcase classname="tests.test_api" name="test_upstox_login_not_configured" time="0.088"><failure message="assert 200 == 400&#10; +  where 200 = &lt;Response [200]&gt;.status_code">tests/test_api.py:193: in test_upstox_login_not_configured
    assert r.status_code == 400
E   assert 200 == 400
E    +  where 200 = &lt;Response [200]&gt;.status_code</failure></testcase><testcase classname="tests.test_api" name="test_upstox_funds_disconnected" time="0.085" /><testcase classname="tests.test_api" name="test_upstox_positions_disconnected" time="0.084" /><testcase classname="tests.test_api" name="test_live_session_gated" time="0.090" /><testcase classname="tests.test_api" name="test_paper_session_lifecycle" time="85.221" /><testcase classname="tests.test_api" name="test_paper_orders_close_before_open_on_roll" time="63.350" /><testcase classname="tests.test_api" name="test_session_emergency" time="5.384" /></testsuite></testsuites>